<?xml version="1.0" encoding="UTF-8"?>
<!-- Generated by org.testng.reporters.JUnitReportReporter -->
<testsuite hostname="MAA12-CG2203DTH" failures="0" tests="2" name="JiraSimProject.JiraTriagedReport" time="675.004" errors="0" timestamp="2024-07-03T20:37:29 IST" skipped="0">
  <testcase classname="JiraSimProject.JiraTriagedReport" name="run_sim" time="332.809"/>
  <system-out/>
  <testcase classname="JiraSimProject.JiraTriagedReport" name="run_jira" time="342.195"/>
  <system-out/>
</testsuite> <!-- JiraSimProject.JiraTriagedReport -->
